<?xml version="1.0" encoding="UTF-8"?>
<!-- Generated by org.testng.reporters.JUnitReportReporter -->
<testsuite hostname="CEPLs-MacBook-Air.local" failures="0" tests="3" name="com_powderRoom_RateAToilet.SearchforRateaToilet" time="84.373" errors="0" timestamp="2025-07-11T11:43:26 IST" skipped="0">
  <testcase classname="com_powderRoom_RateAToilet.SearchforRateaToilet" name="TC_Wl_01_validateRateaToiletUITest" time="26.585"/>
  <testcase classname="com_powderRoom_RateAToilet.SearchforRateaToilet" name="TC_Wl_03_validateAddReviewTest" time="33.778"/>
  <testcase classname="com_powderRoom_RateAToilet.SearchforRateaToilet" name="TC_Wl_02_validateSearchforrateTest" time="24.010"/>
</testsuite> <!-- com_powderRoom_RateAToilet.SearchforRateaToilet -->
