<?xml version="1.0" encoding="UTF-8"?>
<!-- Generated by org.testng.reporters.JUnitReportReporter -->
<testsuite hostname="CEPLs-MacBook-Air.local" failures="0" tests="1" name="com_powderRoom_BlogTest.BlogsTest" time="32.340" errors="0" timestamp="2025-06-19T17:13:13 IST" skipped="0">
  <testcase classname="com_powderRoom_BlogTest.BlogsTest" name="TC_Wl_01_validateScrollBlogsTest" time="32.340"/>
</testsuite> <!-- com_powderRoom_BlogTest.BlogsTest -->
