<?xml version="1.0" encoding="UTF-8"?>
<!-- Generated by org.testng.reporters.JUnitReportReporter -->
<testsuite hostname="CEPLs-MacBook-Air.local" failures="0" tests="1" name="com_powderRoom_Profile.ProfileTabTest" time="51.216" errors="0" timestamp="2025-07-26T15:52:14 IST" skipped="0">
  <testcase classname="com_powderRoom_Profile.ProfileTabTest" name="TC_Wl_10_validatePeersClubMembershipRenew365Test" time="51.216"/>
</testsuite> <!-- com_powderRoom_Profile.ProfileTabTest -->
