<?xml version="1.0" encoding="UTF-8"?>
<!-- Generated by org.testng.reporters.JUnitReportReporter -->
<testsuite hostname="CEPLs-MacBook-Air.local" failures="0" tests="2" name="com_powderRoom_FindALoo.FindaLooEndRouteTest" time="84.205" errors="0" timestamp="2025-07-16T19:59:24 IST" skipped="0">
  <testcase classname="com_powderRoom_FindALoo.FindaLooEndRouteTest" name="TC_Wl_01_validateEndRouteUITest" time="27.143"/>
  <testcase classname="com_powderRoom_FindALoo.FindaLooEndRouteTest" name="TC_Wl_02_validateSearchEndRouteTest" time="57.062"/>
</testsuite> <!-- com_powderRoom_FindALoo.FindaLooEndRouteTest -->
