<?xml version="1.0" encoding="UTF-8"?>
<!-- Generated by org.testng.reporters.JUnitReportReporter -->
<testsuite hostname="CEPLs-MacBook-Air.local" failures="0" tests="1" name="com_powderRoom_FindALoo.AddAReview" time="23.772" errors="0" timestamp="2025-06-17T00:06:26 IST" skipped="0">
  <testcase classname="com_powderRoom_FindALoo.AddAReview" name="TC_Wl_01_validateFindALooUITest" time="23.772"/>
</testsuite> <!-- com_powderRoom_FindALoo.AddAReview -->
